Chapter_5/app/build/intermediates/manifest_merge_blame_file/debug/manifest-merger-blame-debug-report.txt
1<?xml version="1.0" encoding="utf-8"?>
2<manifest xmlns:android="http://schemas.android.com/apk/res/android"
3    package="com.ryg.chapter_5"
4    android:versionCode="1"
5    android:versionName="1.0" >
6
7    <uses-sdk
7-->src/main/AndroidManifest.xml:7:5-9:41
8        android:minSdkVersion="8"
8-->src/main/AndroidManifest.xml:8:9-34
9        android:targetSdkVersion="19" />
9-->src/main/AndroidManifest.xml:9:9-38
10
11    <application
11-->src/main/AndroidManifest.xml:11:5-55:19
12        android:allowBackup="true"
12-->src/main/AndroidManifest.xml:12:9-35
13        android:debuggable="true"
14        android:icon="@drawable/ic_launcher"
14-->src/main/AndroidManifest.xml:13:9-45
15        android:label="@string/app_name"
15-->src/main/AndroidManifest.xml:14:9-41
16        android:testOnly="true"
17        android:theme="@style/AppTheme" >
17-->src/main/AndroidManifest.xml:15:9-40
18        <activity
18-->src/main/AndroidManifest.xml:16:9-20:45
19            android:name="com.ryg.chapter_5.TestActivity"
19-->src/main/AndroidManifest.xml:17:13-41
20            android:configChanges="orientation|screenSize"
20-->src/main/AndroidManifest.xml:18:13-59
21            android:label="@string/app_name"
21-->src/main/AndroidManifest.xml:19:13-45
22            android:launchMode="standard" />
22-->src/main/AndroidManifest.xml:20:13-42
23        <activity
23-->src/main/AndroidManifest.xml:21:9-26:45
24            android:name="com.ryg.chapter_5.DemoActivity_1"
24-->src/main/AndroidManifest.xml:22:13-43
25            android:configChanges="screenLayout"
25-->src/main/AndroidManifest.xml:23:13-49
26            android:exported="true"
26-->src/main/AndroidManifest.xml:24:13-36
27            android:label="@string/title_scene_1"
27-->src/main/AndroidManifest.xml:25:13-50
28            android:launchMode="standard" />
28-->src/main/AndroidManifest.xml:26:13-42
29        <activity
29-->src/main/AndroidManifest.xml:27:9-32:45
30            android:name="com.ryg.chapter_5.DemoActivity_2"
30-->src/main/AndroidManifest.xml:28:13-43
31            android:configChanges="screenLayout"
31-->src/main/AndroidManifest.xml:29:13-49
32            android:exported="true"
32-->src/main/AndroidManifest.xml:30:13-36
33            android:label="@string/title_scene_2"
33-->src/main/AndroidManifest.xml:31:13-50
34            android:launchMode="standard" />
34-->src/main/AndroidManifest.xml:32:13-42
35        <activity
35-->src/main/AndroidManifest.xml:33:9-42:20
36            android:name="com.ryg.chapter_5.MainActivity"
36-->src/main/AndroidManifest.xml:34:13-41
37            android:label="@string/app_name"
37-->src/main/AndroidManifest.xml:35:13-45
38            android:process=":remote" >
38-->src/main/AndroidManifest.xml:36:13-38
39            <intent-filter>
39-->src/main/AndroidManifest.xml:37:13-41:29
40                <action android:name="android.intent.action.MAIN" />
40-->src/main/AndroidManifest.xml:38:17-69
40-->src/main/AndroidManifest.xml:38:25-66
41
42                <category android:name="android.intent.category.LAUNCHER" />
42-->src/main/AndroidManifest.xml:40:17-77
42-->src/main/AndroidManifest.xml:40:27-74
43            </intent-filter>
44        </activity>
45
46        <receiver android:name="com.ryg.chapter_5.MyAppWidgetProvider" >
46-->src/main/AndroidManifest.xml:44:9-54:20
46-->src/main/AndroidManifest.xml:44:19-54
47            <meta-data
47-->src/main/AndroidManifest.xml:45:13-48:25
48                android:name="android.appwidget.provider"
48-->src/main/AndroidManifest.xml:46:17-58
49                android:resource="@xml/appwidget_provider_info" >
49-->src/main/AndroidManifest.xml:47:17-64
50            </meta-data>
51
52            <intent-filter>
52-->src/main/AndroidManifest.xml:50:13-53:29
53                <action android:name="com.ryg.chapter_5.action.CLICK" />
53-->src/main/AndroidManifest.xml:51:17-73
53-->src/main/AndroidManifest.xml:51:25-70
54                <action android:name="android.appwidget.action.APPWIDGET_UPDATE" />
54-->src/main/AndroidManifest.xml:52:17-84
54-->src/main/AndroidManifest.xml:52:25-81
55            </intent-filter>
56        </receiver>
57    </application>
58
59</manifest>